# JRE version: Java(TM) SE Runtime Environment (8.0_202-b08) (build 1.8.0_202-b08)
# Java VM: Java HotSpot(TM) 64-Bit Server VM (25.202-b08 mixed mode windows-amd64 compressed oops)
Heap:
 PSYoungGen      total 227328K, used 171273K [0x00000000d5580000, 0x00000000e6580000, 0x0000000100000000)
  eden space 211456K, 80% used [0x00000000d5580000,0x00000000dfcc2580,0x00000000e2400000)
  from space 15872K, 0% used [0x00000000e2400000,0x00000000e2400000,0x00000000e3380000)
  to   space 20992K, 0% used [0x00000000e5100000,0x00000000e5100000,0x00000000e6580000)
 ParOldGen       total 182784K, used 37538K [0x0000000080000000, 0x000000008b280000, 0x00000000d5580000)
  object space 182784K, 20% used [0x0000000080000000,0x00000000824a8ad0,0x000000008b280000)
 Metaspace       used 66372K, capacity 69422K, committed 69632K, reserved 1110016K
  class space    used 9375K, capacity 9972K, committed 9984K, reserved 1048576K
GC Heap History (10 events):
Event: 8.038 GC heap before
{Heap before GC invocations=8 (full 1):
 PSYoungGen      total 129536K, used 60965K [0x00000000d5580000, 0x00000000de200000, 0x0000000100000000)
  eden space 119296K, 43% used [0x00000000d5580000,0x00000000d8801190,0x00000000dca00000)
  from space 10240K, 90% used [0x00000000dd800000,0x00000000de108378,0x00000000de200000)
  to   space 12288K, 0% used [0x00000000dca00000,0x00000000dca00000,0x00000000dd600000)
 ParOldGen       total 82432K, used 7371K [0x0000000080000000, 0x0000000085080000, 0x00000000d5580000)
  object space 82432K, 8% used [0x0000000080000000,0x0000000080732e30,0x0000000085080000)
 Metaspace       used 34516K, capacity 35438K, committed 35496K, reserved 1079296K
  class space    used 4850K, capacity 5110K, committed 5120K, reserved 1048576K
Event: 8.049 GC heap after
Heap after GC invocations=8 (full 1):
 PSYoungGen      total 131584K, used 10251K [0x00000000d5580000, 0x00000000e4300000, 0x0000000100000000)
  eden space 119296K, 0% used [0x00000000d5580000,0x00000000d5580000,0x00000000dca00000)
  from space 12288K, 83% used [0x00000000dca00000,0x00000000dd402c20,0x00000000dd600000)
  to   space 12800K, 0% used [0x00000000e3680000,0x00000000e3680000,0x00000000e4300000)
 ParOldGen       total 82432K, used 7379K [0x0000000080000000, 0x0000000085080000, 0x00000000d5580000)
  object space 82432K, 8% used [0x0000000080000000,0x0000000080734e30,0x0000000085080000)
 Metaspace       used 34516K, capacity 35438K, committed 35496K, reserved 1079296K
  class space    used 4850K, capacity 5110K, committed 5120K, reserved 1048576K
}
Event: 8.049 GC heap before
{Heap before GC invocations=9 (full 2):
 PSYoungGen      total 131584K, used 10251K [0x00000000d5580000, 0x00000000e4300000, 0x0000000100000000)
  eden space 119296K, 0% used [0x00000000d5580000,0x00000000d5580000,0x00000000dca00000)
  from space 12288K, 83% used [0x00000000dca00000,0x00000000dd402c20,0x00000000dd600000)
  to   space 12800K, 0% used [0x00000000e3680000,0x00000000e3680000,0x00000000e4300000)
 ParOldGen       total 82432K, used 7379K [0x0000000080000000, 0x0000000085080000, 0x00000000d5580000)
  object space 82432K, 8% used [0x0000000080000000,0x0000000080734e30,0x0000000085080000)
 Metaspace       used 34516K, capacity 35438K, committed 35496K, reserved 1079296K
  class space    used 4850K, capacity 5110K, committed 5120K, reserved 1048576K
Event: 8.113 GC heap after
Heap after GC invocations=9 (full 2):
 PSYoungGen      total 131584K, used 0K [0x00000000d5580000, 0x00000000e4300000, 0x0000000100000000)
  eden space 119296K, 0% used [0x00000000d5580000,0x00000000d5580000,0x00000000dca00000)
  from space 12288K, 0% used [0x00000000dca00000,0x00000000dca00000,0x00000000dd600000)
  to   space 12800K, 0% used [0x00000000e3680000,0x00000000e3680000,0x00000000e4300000)
 ParOldGen       total 122368K, used 17030K [0x0000000080000000, 0x0000000087780000, 0x00000000d5580000)
  object space 122368K, 13% used [0x0000000080000000,0x00000000810a1a20,0x0000000087780000)
 Metaspace       used 34516K, capacity 35438K, committed 35496K, reserved 1079296K
  class space    used 4850K, capacity 5110K, committed 5120K, reserved 1048576K
}
Event: 13.413 GC heap before
{Heap before GC invocations=10 (full 2):
 PSYoungGen      total 131584K, used 119296K [0x00000000d5580000, 0x00000000e4300000, 0x0000000100000000)
  eden space 119296K, 100% used [0x00000000d5580000,0x00000000dca00000,0x00000000dca00000)
  from space 12288K, 0% used [0x00000000dca00000,0x00000000dca00000,0x00000000dd600000)
  to   space 12800K, 0% used [0x00000000e3680000,0x00000000e3680000,0x00000000e4300000)
 ParOldGen       total 122368K, used 17030K [0x0000000080000000, 0x0000000087780000, 0x00000000d5580000)
  object space 122368K, 13% used [0x0000000080000000,0x00000000810a1a20,0x0000000087780000)
 Metaspace       used 44590K, capacity 46196K, committed 46336K, reserved 1089536K
  class space    used 6184K, capacity 6572K, committed 6656K, reserved 1048576K
Event: 13.436 GC heap after
Heap after GC invocations=10 (full 2):
 PSYoungGen      total 195584K, used 12798K [0x00000000d5580000, 0x00000000e4300000, 0x0000000100000000)
  eden space 182784K, 0% used [0x00000000d5580000,0x00000000d5580000,0x00000000e0800000)
  from space 12800K, 99% used [0x00000000e3680000,0x00000000e42ffa28,0x00000000e4300000)
  to   space 15872K, 0% used [0x00000000e2400000,0x00000000e2400000,0x00000000e3380000)
 ParOldGen       total 122368K, used 21321K [0x0000000080000000, 0x0000000087780000, 0x00000000d5580000)
  object space 122368K, 17% used [0x0000000080000000,0x00000000814d2658,0x0000000087780000)
 Metaspace       used 44590K, capacity 46196K, committed 46336K, reserved 1089536K
  class space    used 6184K, capacity 6572K, committed 6656K, reserved 1048576K
}
Event: 16.405 GC heap before
{Heap before GC invocations=11 (full 2):
 PSYoungGen      total 195584K, used 158437K [0x00000000d5580000, 0x00000000e4300000, 0x0000000100000000)
  eden space 182784K, 79% used [0x00000000d5580000,0x00000000de3b9b80,0x00000000e0800000)
  from space 12800K, 99% used [0x00000000e3680000,0x00000000e42ffa28,0x00000000e4300000)
  to   space 15872K, 0% used [0x00000000e2400000,0x00000000e2400000,0x00000000e3380000)
 ParOldGen       total 122368K, used 21321K [0x0000000080000000, 0x0000000087780000, 0x00000000d5580000)
  object space 122368K, 17% used [0x0000000080000000,0x00000000814d2658,0x0000000087780000)
 Metaspace       used 56893K, capacity 59046K, committed 59160K, reserved 1099776K
  class space    used 7994K, capacity 8522K, committed 8576K, reserved 1048576K
Event: 16.428 GC heap after
Heap after GC invocations=11 (full 2):
 PSYoungGen      total 227328K, used 15870K [0x00000000d5580000, 0x00000000e6580000, 0x0000000100000000)
  eden space 211456K, 0% used [0x00000000d5580000,0x00000000d5580000,0x00000000e2400000)
  from space 15872K, 99% used [0x00000000e2400000,0x00000000e337f920,0x00000000e3380000)
  to   space 20992K, 0% used [0x00000000e5100000,0x00000000e5100000,0x00000000e6580000)
 ParOldGen       total 122368K, used 29706K [0x0000000080000000, 0x0000000087780000, 0x00000000d5580000)
  object space 122368K, 24% used [0x0000000080000000,0x0000000081d029f0,0x0000000087780000)
 Metaspace       used 56893K, capacity 59046K, committed 59160K, reserved 1099776K
  class space    used 7994K, capacity 8522K, committed 8576K, reserved 1048576K
}
Event: 16.428 GC heap before
{Heap before GC invocations=12 (full 3):
 PSYoungGen      total 227328K, used 15870K [0x00000000d5580000, 0x00000000e6580000, 0x0000000100000000)
  eden space 211456K, 0% used [0x00000000d5580000,0x00000000d5580000,0x00000000e2400000)
  from space 15872K, 99% used [0x00000000e2400000,0x00000000e337f920,0x00000000e3380000)
  to   space 20992K, 0% used [0x00000000e5100000,0x00000000e5100000,0x00000000e6580000)
 ParOldGen       total 122368K, used 29706K [0x0000000080000000, 0x0000000087780000, 0x00000000d5580000)
  object space 122368K, 24% used [0x0000000080000000,0x0000000081d029f0,0x0000000087780000)
 Metaspace       used 56893K, capacity 59046K, committed 59160K, reserved 1099776K
  class space    used 7994K, capacity 8522K, committed 8576K, reserved 1048576K
Event: 16.682 GC heap after
Heap after GC invocations=12 (full 3):
 PSYoungGen      total 227328K, used 0K [0x00000000d5580000, 0x00000000e6580000, 0x0000000100000000)
  eden space 211456K, 0% used [0x00000000d5580000,0x00000000d5580000,0x00000000e2400000)
  from space 15872K, 0% used [0x00000000e2400000,0x00000000e2400000,0x00000000e3380000)
  to   space 20992K, 0% used [0x00000000e5100000,0x00000000e5100000,0x00000000e6580000)
 ParOldGen       total 182784K, used 37538K [0x0000000080000000, 0x000000008b280000, 0x00000000d5580000)
  object space 182784K, 20% used [0x0000000080000000,0x00000000824a8ad0,0x000000008b280000)
 Metaspace       used 56854K, capacity 58914K, committed 59160K, reserved 1099776K
  class space    used 7981K, capacity 8500K, committed 8576K, reserved 1048576K
}

